{"/Users/smesa/Documents/Henry Advisor/FT-M3-solutions/Integrador/server/src/app.js": {"path":"/Users/smesa/Documents/Henry Advisor/FT-M3-solutions/Integrador/server/src/app.js","statementMap":{"0":{"start":{"line":1,"column":16},"end":{"line":1,"column":34}},"1":{"start":{"line":2,"column":15},"end":{"line":2,"column":34}},"2":{"start":{"line":4,"column":15},"end":{"line":4,"column":24}},"3":{"start":{"line":7,"column":0},"end":{"line":19,"column":3}},"4":{"start":{"line":8,"column":2},"end":{"line":8,"column":49}},"5":{"start":{"line":9,"column":2},"end":{"line":9,"column":57}},"6":{"start":{"line":10,"column":2},"end":{"line":13,"column":4}},"7":{"start":{"line":14,"column":2},"end":{"line":17,"column":4}},"8":{"start":{"line":18,"column":2},"end":{"line":18,"column":9}},"9":{"start":{"line":21,"column":0},"end":{"line":21,"column":27}},"10":{"start":{"line":23,"column":0},"end":{"line":23,"column":35}},"11":{"start":{"line":25,"column":0},"end":{"line":25,"column":24}}},"fnMap":{"0":{"name":"(anonymous_0)","decl":{"start":{"line":7,"column":11},"end":{"line":7,"column":12}},"loc":{"start":{"line":7,"column":31},"end":{"line":19,"column":1}},"line":7}},"branchMap":{},"s":{"0":1,"1":1,"2":1,"3":1,"4":8,"5":8,"6":8,"7":8,"8":8,"9":1,"10":1,"11":1},"f":{"0":8},"b":{},"_coverageSchema":"1a1c01bbd47fc00a2c39e90264f33305004495a9","hash":"f3aa946f27527e77eb4a6f54f8c127f2030b16a6"}
,"/Users/smesa/Documents/Henry Advisor/FT-M3-solutions/Integrador/server/src/controllers/getCharById.js": {"path":"/Users/smesa/Documents/Henry Advisor/FT-M3-solutions/Integrador/server/src/controllers/getCharById.js","statementMap":{"0":{"start":{"line":1,"column":14},"end":{"line":1,"column":30}},"1":{"start":{"line":3,"column":12},"end":{"line":3,"column":56}},"2":{"start":{"line":6,"column":2},"end":{"line":13,"column":3}},"3":{"start":{"line":7,"column":27},"end":{"line":7,"column":37}},"4":{"start":{"line":8,"column":21},"end":{"line":8,"column":50}},"5":{"start":{"line":9,"column":67},"end":{"line":9,"column":80}},"6":{"start":{"line":10,"column":6},"end":{"line":10,"column":68}},"7":{"start":{"line":12,"column":4},"end":{"line":12,"column":51}},"8":{"start":{"line":28,"column":0},"end":{"line":28,"column":29}}},"fnMap":{"0":{"name":"getCharById","decl":{"start":{"line":5,"column":15},"end":{"line":5,"column":26}},"loc":{"start":{"line":5,"column":37},"end":{"line":26,"column":1}},"line":5}},"branchMap":{},"s":{"0":1,"1":1,"2":3,"3":3,"4":3,"5":2,"6":2,"7":1,"8":1},"f":{"0":3},"b":{},"_coverageSchema":"1a1c01bbd47fc00a2c39e90264f33305004495a9","hash":"6fdaef075e9bce542bac1e0f87b74aa7466590bf"}
,"/Users/smesa/Documents/Henry Advisor/FT-M3-solutions/Integrador/server/src/controllers/handleFavorites.js": {"path":"/Users/smesa/Documents/Henry Advisor/FT-M3-solutions/Integrador/server/src/controllers/handleFavorites.js","statementMap":{"0":{"start":{"line":1,"column":18},"end":{"line":1,"column":20}},"1":{"start":{"line":4,"column":24},"end":{"line":4,"column":32}},"2":{"start":{"line":5,"column":2},"end":{"line":5,"column":29}},"3":{"start":{"line":6,"column":2},"end":{"line":6,"column":35}},"4":{"start":{"line":10,"column":17},"end":{"line":10,"column":27}},"5":{"start":{"line":11,"column":2},"end":{"line":11,"column":69}},"6":{"start":{"line":11,"column":45},"end":{"line":11,"column":67}},"7":{"start":{"line":12,"column":2},"end":{"line":12,"column":24}},"8":{"start":{"line":15,"column":0},"end":{"line":18,"column":2}}},"fnMap":{"0":{"name":"postFav","decl":{"start":{"line":3,"column":9},"end":{"line":3,"column":16}},"loc":{"start":{"line":3,"column":27},"end":{"line":7,"column":1}},"line":3},"1":{"name":"deleteFav","decl":{"start":{"line":9,"column":9},"end":{"line":9,"column":18}},"loc":{"start":{"line":9,"column":29},"end":{"line":13,"column":1}},"line":9},"2":{"name":"(anonymous_2)","decl":{"start":{"line":11,"column":35},"end":{"line":11,"column":36}},"loc":{"start":{"line":11,"column":45},"end":{"line":11,"column":67}},"line":11}},"branchMap":{},"s":{"0":1,"1":2,"2":2,"3":2,"4":1,"5":1,"6":2,"7":1,"8":1},"f":{"0":2,"1":1,"2":2},"b":{},"_coverageSchema":"1a1c01bbd47fc00a2c39e90264f33305004495a9","hash":"fff8bf2057dfae4e2d8bfeb482378ab38dfcfd78"}
,"/Users/smesa/Documents/Henry Advisor/FT-M3-solutions/Integrador/server/src/controllers/index.js": {"path":"/Users/smesa/Documents/Henry Advisor/FT-M3-solutions/Integrador/server/src/controllers/index.js","statementMap":{"0":{"start":{"line":1,"column":20},"end":{"line":1,"column":44}},"1":{"start":{"line":2,"column":14},"end":{"line":2,"column":32}},"2":{"start":{"line":3,"column":29},"end":{"line":3,"column":57}},"3":{"start":{"line":5,"column":0},"end":{"line":10,"column":1}}},"fnMap":{},"branchMap":{},"s":{"0":1,"1":1,"2":1,"3":1},"f":{},"b":{},"_coverageSchema":"1a1c01bbd47fc00a2c39e90264f33305004495a9","hash":"69998d6c7cf7bc359caf0d383b70300b2a8f4678"}
,"/Users/smesa/Documents/Henry Advisor/FT-M3-solutions/Integrador/server/src/controllers/login.js": {"path":"/Users/smesa/Documents/Henry Advisor/FT-M3-solutions/Integrador/server/src/controllers/login.js","statementMap":{"0":{"start":{"line":1,"column":14},"end":{"line":1,"column":39}},"1":{"start":{"line":4,"column":30},"end":{"line":4,"column":39}},"2":{"start":{"line":8,"column":15},"end":{"line":8,"column":85}},"3":{"start":{"line":8,"column":34},"end":{"line":8,"column":84}},"4":{"start":{"line":9,"column":2},"end":{"line":9,"column":61}},"5":{"start":{"line":12,"column":0},"end":{"line":12,"column":23}}},"fnMap":{"0":{"name":"login","decl":{"start":{"line":3,"column":9},"end":{"line":3,"column":14}},"loc":{"start":{"line":3,"column":25},"end":{"line":10,"column":1}},"line":3},"1":{"name":"(anonymous_1)","decl":{"start":{"line":8,"column":26},"end":{"line":8,"column":27}},"loc":{"start":{"line":8,"column":34},"end":{"line":8,"column":84}},"line":8}},"branchMap":{"0":{"loc":{"start":{"line":8,"column":34},"end":{"line":8,"column":84}},"type":"binary-expr","locations":[{"start":{"line":8,"column":34},"end":{"line":8,"column":54}},{"start":{"line":8,"column":58},"end":{"line":8,"column":84}}],"line":8},"1":{"loc":{"start":{"line":9,"column":2},"end":{"line":9,"column":61}},"type":"cond-expr","locations":[{"start":{"line":9,"column":9},"end":{"line":9,"column":33}},{"start":{"line":9,"column":36},"end":{"line":9,"column":61}}],"line":9}},"s":{"0":1,"1":2,"2":2,"3":2,"4":2,"5":1},"f":{"0":2,"1":2},"b":{"0":[2,1],"1":[1,1]},"_coverageSchema":"1a1c01bbd47fc00a2c39e90264f33305004495a9","hash":"b6b1ed3b4920c2b1a8906f436b32963cb3df1309"}
,"/Users/smesa/Documents/Henry Advisor/FT-M3-solutions/Integrador/server/src/routes/index.js": {"path":"/Users/smesa/Documents/Henry Advisor/FT-M3-solutions/Integrador/server/src/routes/index.js","statementMap":{"0":{"start":{"line":1,"column":16},"end":{"line":1,"column":34}},"1":{"start":{"line":2,"column":51},"end":{"line":2,"column":76}},"2":{"start":{"line":4,"column":15},"end":{"line":4,"column":31}},"3":{"start":{"line":6,"column":0},"end":{"line":6,"column":42}},"4":{"start":{"line":7,"column":0},"end":{"line":7,"column":28}},"5":{"start":{"line":8,"column":0},"end":{"line":8,"column":29}},"6":{"start":{"line":9,"column":0},"end":{"line":9,"column":37}},"7":{"start":{"line":11,"column":0},"end":{"line":11,"column":24}}},"fnMap":{},"branchMap":{},"s":{"0":1,"1":1,"2":1,"3":1,"4":1,"5":1,"6":1,"7":1},"f":{},"b":{},"_coverageSchema":"1a1c01bbd47fc00a2c39e90264f33305004495a9","hash":"a8956258596818f6edf6c65460050020adb9fb83"}
,"/Users/smesa/Documents/Henry Advisor/FT-M3-solutions/Integrador/server/src/utils/users.js": {"path":"/Users/smesa/Documents/Henry Advisor/FT-M3-solutions/Integrador/server/src/utils/users.js","statementMap":{"0":{"start":{"line":1,"column":0},"end":{"line":1,"column":72}}},"fnMap":{},"branchMap":{},"s":{"0":1},"f":{},"b":{},"_coverageSchema":"1a1c01bbd47fc00a2c39e90264f33305004495a9","hash":"9cbac8659cea02b6cb012c30745b0b0c9ca96ab0"}
,"/Users/smesa/Documents/Henry Advisor/FT-M3-solutions/Integrador/server/test/mocks.js": {"path":"/Users/smesa/Documents/Henry Advisor/FT-M3-solutions/Integrador/server/test/mocks.js","statementMap":{"0":{"start":{"line":1,"column":17},"end":{"line":12,"column":2}},"1":{"start":{"line":14,"column":19},"end":{"line":25,"column":2}},"2":{"start":{"line":27,"column":1},"end":{"line":30,"column":2}}},"fnMap":{},"branchMap":{},"s":{"0":1,"1":1,"2":1},"f":{},"b":{},"_coverageSchema":"1a1c01bbd47fc00a2c39e90264f33305004495a9","hash":"611384e160b717959715c86d646699cc2cb7cf0f"}
}
