TN:
SF:src/app.js
FN:7,(anonymous_0)
FNF:1
FNH:1
FNDA:8,(anonymous_0)
DA:1,1
DA:2,1
DA:4,1
DA:7,1
DA:8,8
DA:9,8
DA:10,8
DA:14,8
DA:18,8
DA:21,1
DA:23,1
DA:25,1
LF:12
LH:12
BRF:0
BRH:0
end_of_record
TN:
SF:src/controllers/getCharById.js
FN:5,getCharById
FNF:1
FNH:1
FNDA:3,getCharById
DA:1,1
DA:3,1
DA:6,3
DA:7,3
DA:8,3
DA:9,2
DA:10,2
DA:12,1
DA:28,1
LF:9
LH:9
BRF:0
BRH:0
end_of_record
TN:
SF:src/controllers/handleFavorites.js
FN:3,postFav
FN:9,deleteFav
FN:11,(anonymous_2)
FNF:3
FNH:3
FNDA:2,postFav
FNDA:1,deleteFav
FNDA:2,(anonymous_2)
DA:1,1
DA:4,2
DA:5,2
DA:6,2
DA:10,1
DA:11,2
DA:12,1
DA:15,1
LF:8
LH:8
BRF:0
BRH:0
end_of_record
TN:
SF:src/controllers/index.js
FNF:0
FNH:0
DA:1,1
DA:2,1
DA:3,1
DA:5,1
LF:4
LH:4
BRF:0
BRH:0
end_of_record
TN:
SF:src/controllers/login.js
FN:3,login
FN:8,(anonymous_1)
FNF:2
FNH:2
FNDA:2,login
FNDA:2,(anonymous_1)
DA:1,1
DA:4,2
DA:8,2
DA:9,2
DA:12,1
LF:5
LH:5
BRDA:8,0,0,2
BRDA:8,0,1,1
BRDA:9,1,0,1
BRDA:9,1,1,1
BRF:4
BRH:4
end_of_record
TN:
SF:src/routes/index.js
FNF:0
FNH:0
DA:1,1
DA:2,1
DA:4,1
DA:6,1
DA:7,1
DA:8,1
DA:9,1
DA:11,1
LF:8
LH:8
BRF:0
BRH:0
end_of_record
TN:
SF:src/utils/users.js
FNF:0
FNH:0
DA:1,1
LF:1
LH:1
BRF:0
BRH:0
end_of_record
TN:
SF:test/mocks.js
FNF:0
FNH:0
DA:1,1
DA:14,1
DA:27,1
LF:3
LH:3
BRF:0
BRH:0
end_of_record
